[I 2026-06-27 19:09:28,151] A new study created in RDB with name: emotiongat_iemocap_6c
[I 2026-06-27 19:09:50,009] Trial 0 finished with value: 52.66605187248474 and parameters: {'d_model': 128, 'heads': 4, 'n_layers': 2, 'ffn_mult': 2, 'past_window': 10, 'tie_layers': False, 'dropout': 0.35}. Best is trial 0 with value: 52.66605187248474.
[I 2026-06-27 19:10:14,636] Trial 1 finished with value: 56.5237582723883 and parameters: {'d_model': 256, 'heads': 4, 'n_layers': 3, 'ffn_mult': 2, 'past_window': 6, 'tie_layers': False, 'dropout': 0.35}. Best is trial 1 with value: 56.5237582723883.
[I 2026-06-27 19:10:34,870] Trial 2 finished with value: 55.0594241854002 and parameters: {'d_model': 192, 'heads': 4, 'n_layers': 2, 'ffn_mult': 4, 'past_window': 11, 'tie_layers': True, 'dropout': 0.30000000000000004}. Best is trial 1 with value: 56.5237582723883.
[I 2026-06-27 19:11:07,212] Trial 3 finished with value: 55.527804032744 and parameters: {'d_model': 192, 'heads': 4, 'n_layers': 5, 'ffn_mult': 4, 'past_window': 8, 'tie_layers': False, 'dropout': 0.35}. Best is trial 1 with value: 56.5237582723883.
[I 2026-06-27 19:11:27,356] Trial 4 finished with value: 53.50583933727518 and parameters: {'d_model': 96, 'heads': 8, 'n_layers': 2, 'ffn_mult': 4, 'past_window': 6, 'tie_layers': True, 'dropout': 0.15000000000000002}. Best is trial 1 with value: 56.5237582723883.
[I 2026-06-27 19:11:48,145] Trial 5 finished with value: 57.21312999936215 and parameters: {'d_model': 192, 'heads': 4, 'n_layers': 2, 'ffn_mult': 4, 'past_window': 10, 'tie_layers': False, 'dropout': 0.1}. Best is trial 5 with value: 57.21312999936215.
[I 2026-06-27 19:12:11,604] Trial 6 finished with value: 57.16624396419383 and parameters: {'d_model': 192, 'heads': 4, 'n_layers': 3, 'ffn_mult': 4, 'past_window': 9, 'tie_layers': True, 'dropout': 0.1}. Best is trial 5 with value: 57.21312999936215.
[I 2026-06-27 19:12:38,915] Trial 7 finished with value: 58.31923812333388 and parameters: {'d_model': 256, 'heads': 8, 'n_layers': 4, 'ffn_mult': 4, 'past_window': 4, 'tie_layers': True, 'dropout': 0.25}. Best is trial 7 with value: 58.31923812333388.
[I 2026-06-27 19:12:47,499] Trial 8 pruned. 
[I 2026-06-27 19:12:56,158] Trial 9 pruned. 
[I 2026-06-27 19:13:08,283] Trial 10 pruned. 
[I 2026-06-27 19:13:36,603] Trial 11 finished with value: 58.73168168476811 and parameters: {'d_model': 256, 'heads': 8, 'n_layers': 4, 'ffn_mult': 4, 'past_window': 4, 'tie_layers': False, 'dropout': 0.1}. Best is trial 11 with value: 58.73168168476811.
[I 2026-06-27 19:14:03,741] Trial 12 finished with value: 59.32678667695739 and parameters: {'d_model': 256, 'heads': 8, 'n_layers': 4, 'ffn_mult': 4, 'past_window': 4, 'tie_layers': True, 'dropout': 0.2}. Best is trial 12 with value: 59.32678667695739.
[I 2026-06-27 19:14:32,614] Trial 13 finished with value: 57.984269964712674 and parameters: {'d_model': 256, 'heads': 8, 'n_layers': 4, 'ffn_mult': 4, 'past_window': 6, 'tie_layers': False, 'dropout': 0.15000000000000002}. Best is trial 12 with value: 59.32678667695739.
[I 2026-06-27 19:15:03,395] Trial 14 finished with value: 57.53759032901583 and parameters: {'d_model': 256, 'heads': 8, 'n_layers': 5, 'ffn_mult': 2, 'past_window': 5, 'tie_layers': True, 'dropout': 0.2}. Best is trial 12 with value: 59.32678667695739.
[I 2026-06-27 19:15:32,019] Trial 15 finished with value: 57.43095182857195 and parameters: {'d_model': 256, 'heads': 8, 'n_layers': 4, 'ffn_mult': 4, 'past_window': 4, 'tie_layers': False, 'dropout': 0.15000000000000002}. Best is trial 12 with value: 59.32678667695739.
[I 2026-06-27 19:15:43,342] Trial 16 pruned. 
[I 2026-06-27 19:15:53,074] Trial 17 pruned. 
[I 2026-06-27 19:16:05,462] Trial 18 pruned. 
[I 2026-06-27 19:16:14,672] Trial 19 pruned. 
[I 2026-06-27 19:16:38,856] Trial 20 finished with value: 56.92680108473339 and parameters: {'d_model': 256, 'heads': 8, 'n_layers': 3, 'ffn_mult': 4, 'past_window': 4, 'tie_layers': False, 'dropout': 0.15000000000000002}. Best is trial 12 with value: 59.32678667695739.
[I 2026-06-27 19:16:46,583] Trial 21 pruned. 
[I 2026-06-27 19:16:55,806] Trial 22 pruned. 
[I 2026-06-27 19:17:23,107] Trial 23 finished with value: 59.32678667695739 and parameters: {'d_model': 256, 'heads': 8, 'n_layers': 4, 'ffn_mult': 4, 'past_window': 4, 'tie_layers': True, 'dropout': 0.2}. Best is trial 12 with value: 59.32678667695739.
[I 2026-06-27 19:17:34,324] Trial 24 pruned. 
[I 2026-06-27 19:17:44,193] Trial 25 pruned. 
[I 2026-06-27 19:17:55,757] Trial 26 pruned. 
[I 2026-06-27 19:18:05,936] Trial 27 pruned. 
[I 2026-06-27 19:18:16,447] Trial 28 pruned. 
[I 2026-06-27 19:18:25,557] Trial 29 pruned. 
[I 2026-06-27 19:18:43,459] Trial 30 pruned. 
[I 2026-06-27 19:18:51,554] Trial 31 pruned. 
[I 2026-06-27 19:18:59,307] Trial 32 pruned. 
[I 2026-06-27 19:19:06,274] Trial 33 pruned. 
[I 2026-06-27 19:19:17,574] Trial 34 pruned. 
[I 2026-06-27 19:19:26,335] Trial 35 pruned. 
[I 2026-06-27 19:19:35,254] Trial 36 pruned. 
[I 2026-06-27 19:20:03,092] Trial 37 finished with value: 58.096211764543696 and parameters: {'d_model': 192, 'heads': 8, 'n_layers': 4, 'ffn_mult': 4, 'past_window': 6, 'tie_layers': True, 'dropout': 0.2}. Best is trial 12 with value: 59.32678667695739.
[I 2026-06-27 19:20:12,348] Trial 38 pruned. 
[I 2026-06-27 19:20:35,929] Trial 39 finished with value: 58.85606219397018 and parameters: {'d_model': 256, 'heads': 8, 'n_layers': 3, 'ffn_mult': 4, 'past_window': 5, 'tie_layers': True, 'dropout': 0.1}. Best is trial 12 with value: 59.32678667695739.
  >> new global best: val 52.67 | test 61.67  (saved model_tuned\best.pt)
  >> new global best: val 56.52 | test 61.39  (saved model_tuned\best.pt)
  >> new global best: val 57.21 | test 63.25  (saved model_tuned\best.pt)
  >> new global best: val 58.32 | test 63.56  (saved model_tuned\best.pt)
  >> new global best: val 58.73 | test 62.86  (saved model_tuned\best.pt)
  >> new global best: val 59.33 | test 62.84  (saved model_tuned\best.pt)

===== BEST =====
val WF1 = 59.33
TEST: wf1 62.84 | macroF1 61.55 | acc 62.64 (epoch 43)
params: {
  "d_model": 256,
  "heads": 8,
  "n_layers": 4,
  "ffn_mult": 4,
  "past_window": 4,
  "tie_layers": true,
  "dropout": 0.2
}
saved best model -> model_tuned\best.pt
saved best params -> model_tuned\best_params.json
